{"target": -68381.13515008072, "params": {"A": 52.03191610298302, "D": 3.8325912904724193, "S": 0.2979956915238149, "T": 1.7770690129941575, "b_prob": 0.378589390869531, "ews": 0.8962930889334381, "lambda": 0.12558531046383625, "p_hi": 0.36579430251054945, "p_lo": 0.005146720330082988, "peer_it": 2.763239374602546, "ps": 0.029876210878566956, "t_r": 6.938831917131244}, "datetime": {"datetime": "2023-09-22 16:24:53", "elapsed": 0.0, "delta": 0.0}}
{"target": -112009.61927165733, "params": {"A": 46.57039643879779, "D": 2.2726349819883893, "S": 0.5143218240267509, "T": 1.556443792773495, "b_prob": 0.33583073593786805, "ews": 0.9944823333639544, "lambda": 0.10597962115616688, "p_hi": 0.5833757443038523, "p_lo": 0.0683905255130107, "peer_it": 2.4255221697394975, "ps": 0.8740585948708233, "t_r": 13.000238282048198}, "datetime": {"datetime": "2023-09-22 18:08:49", "elapsed": 0.0, "delta": 0.0}}
{"target": -39493.04131216478, "params": {"A": 46.58101321150479, "D": 2.2738708464540256, "S": 0.5145419017924538, "T": 1.557097918572161, "b_prob": 0.33585981327541425, "ews": 0.9944848336116601, "lambda": 0.10638473305372044, "p_hi": 0.5835645313234616, "p_lo": 0.06840484887128431, "peer_it": 2.4266887556738976, "ps": 0.8741156633256592, "t_r": 13.000691309044276}, "datetime": {"datetime": "2023-09-22 18:35:49", "elapsed": 0.0, "delta": 0.0}}
{"target": -39808.198236691154, "params": {"A": 46.57233248731079, "D": 2.2728603511873913, "S": 0.5143619568658717, "T": 1.5565630775424895, "b_prob": 0.33583603840950155, "ews": 0.9944827893029659, "lambda": 0.10605349636368062, "p_hi": 0.5834101710396105, "p_lo": 0.06839313748533525, "peer_it": 2.4257349054762334, "ps": 0.8740690017336405, "t_r": 13.000320894935024}, "datetime": {"datetime": "2023-09-22 19:02:40", "elapsed": 0.0, "delta": 0.0}}
{"target": -39466.67863892825, "params": {"A": 46.5881027814493, "D": 2.274696120556889, "S": 0.5146888632803037, "T": 1.5575347246270836, "b_prob": 0.3358792302700155, "ews": 0.9944865032038682, "lambda": 0.10665525491684451, "p_hi": 0.5836905977672929, "p_lo": 0.06841441359053786, "peer_it": 2.4274677676021432, "ps": 0.8741537719687799, "t_r": 13.000993827207196}, "datetime": {"datetime": "2023-09-22 19:30:12", "elapsed": 0.0, "delta": 0.0}}
{"target": -39598.179295110975, "params": {"A": 46.58238470612431, "D": 2.274030497744663, "S": 0.5145703318511795, "T": 1.557182419770229, "b_prob": 0.33586356954043894, "ews": 0.9944851565983501, "lambda": 0.10643706616879514, "p_hi": 0.5835889191848932, "p_lo": 0.06840669918958234, "peer_it": 2, "ps": 0.8741230355357377, "t_r": 13.0}, "datetime": {"datetime": "2023-09-22 19:57:45", "elapsed": 0.0, "delta": 0.0}}
{"target": -48031.23429464776, "params": {"A": 54.38588289422742, "D": 3.1824106980649356, "S": 0.6763310187662768, "T": 2.0379753712212194, "b_prob": 0.357235878915317, "ews": 0.9963228787554692, "lambda": 0.40420080716472445, "p_hi": 0.7223504059489432, "p_lo": 0.0789345972072241, "peer_it": 3.2842988263587953, "ps": 0.9160692649785659, "t_r": 13.333731938690693}, "datetime": {"datetime": "2023-09-22 20:32:49", "elapsed": 0.0, "delta": 0.0}}
{"target": -46905.90060048797, "params": {"A": 70.0, "D": 5.0, "S": 1.0, "T": 3.0, "b_prob": 0.4, "ews": 1.0, "lambda": 1.0, "p_hi": 1.0, "p_lo": 0.1, "peer_it": 5.0, "ps": 1.0, "t_r": 14.0}, "datetime": {"datetime": "2023-09-22 21:44:33", "elapsed": 0.0, "delta": 0.0}}
{"target": -48579.34619919762, "params": {"A": 69.99234932557644, "D": 4.9922327318117645, "S": 0.992219604666705, "T": 2.9922252353583962, "b_prob": 0.39221712016548144, "ews": 0.9922167712873556, "lambda": 0.9922220141383706, "p_hi": 0.9922192003763616, "p_lo": 0.09221691669617409, "peer_it": 4.9922318449772245, "ps": 0.9922174857477145, "t_r": 13.99222263355104}, "datetime": {"datetime": "2023-09-22 22:20:47", "elapsed": 0.0, "delta": 0.0}}
{"target": -82931.89705728267, "params": {"A": 69.56339017994276, "D": 4.487410373898393, "S": 0.4790882986419868, "T": 2.4826503254051695, "b_prob": 0.2, "ews": 0.4773016673595277, "lambda": 0.4806076783697352, "p_hi": 0.4788319565967935, "p_lo": 0.0, "peer_it": 4.486843053988038, "ps": 0.4777498348197643, "t_r": 13.481000742963081}, "datetime": {"datetime": "2023-09-22 23:02:21", "elapsed": 0.0, "delta": 0.0}}
{"target": -77514.29088395802, "params": {"A": 69.66702760557834, "D": 4.622803046650347, "S": 0.6179394698033204, "T": 2.6200259114525513, "b_prob": 0.2, "ews": 0.6168952401255138, "lambda": 0.6188267551899841, "p_hi": 0.6177894042734322, "p_lo": 0.0, "peer_it": 4.6224719617116685, "ps": 0.617157563317935, "t_r": 13.619081255711077}, "datetime": {"datetime": "2023-09-22 23:39:01", "elapsed": 0.0, "delta": 0.0}}
{"target": -57427.773216361056, "params": {"A": 61.74911874267873, "D": 2.8808743194580027, "S": 0.06180432166114605, "T": 1.8318183642104267, "b_prob": 0.2896353411514918, "ews": 0.4809798626618681, "lambda": 0.12276964855494599, "p_hi": 0.3593018567700618, "p_lo": 0.009069152614560583, "peer_it": 1.4178808826752562, "ps": 0.14055978688039772, "t_r": 1.8002309692657328}, "datetime": {"datetime": "2023-09-23 00:12:27", "elapsed": 0.0, "delta": 0.0}}
{"target": -90838.06271479037, "params": {"A": 30.297264184142577, "D": 2.9500710145449847, "S": 0.904263446070333, "T": 1.9998695777085957, "b_prob": 0.363314420268322, "ews": 0.20662225254692235, "lambda": 0.352709446451965, "p_hi": 0.6646290105249789, "p_lo": 0.03456618975231157, "peer_it": 2.3203615640580817, "ps": 0.8770254480579851, "t_r": 4.051227605131402}, "datetime": {"datetime": "2023-09-23 00:39:24", "elapsed": 0.0, "delta": 0.0}}
{"target": -91228.8005637735, "params": {"A": 31.19276653245657, "D": 2.996307531566532, "S": 0.906422801265933, "T": 2.0224276992933685, "b_prob": 0.3641418701184116, "ews": 0.22451703035869555, "lambda": 0.36730920132609174, "p_hi": 0.6721933635213112, "p_lo": 0.036042061113109175, "peer_it": 2.3808012910116085, "ps": 0.8797991611985025, "t_r": 4.275623956147795}, "datetime": {"datetime": "2023-09-23 01:04:13", "elapsed": 0.0, "delta": 0.0}}
{"target": -91465.16526724974, "params": {"A": 30.843121267765735, "D": 2.978254670775247, "S": 0.9055796897762216, "T": 2.0136199720916634, "b_prob": 0.36381879567600767, "ews": 0.21753008684440864, "lambda": 0.3616087861714064, "p_hi": 0.6692398925331031, "p_lo": 0.03546581311826331, "peer_it": 2.3572028444321047, "ps": 0.8787161761376385, "t_r": 4.188009309804875}, "datetime": {"datetime": "2023-09-23 01:26:51", "elapsed": 0.0, "delta": 0.0}}
{"target": -88895.00322106293, "params": {"A": 30.827040244331926, "D": 2.9722752035650397, "S": 0.9001209288021232, "T": 2.007922251427716, "b_prob": 0.35838088380764127, "ews": 0.21188411825781273, "lambda": 0.3560020246980011, "p_hi": 0.6637168633660928, "p_lo": 0.030028096619095463, "peer_it": 2.351054358150311, "ps": 0.8732538406437589, "t_r": 4.179909893249027}, "datetime": {"datetime": "2023-09-23 01:48:59", "elapsed": 0.0, "delta": 0.0}}
{"target": -89304.48042241603, "params": {"A": 30.85454394690869, "D": 2.969215083402768, "S": 0.8990289712759469, "T": 2.0040339202413286, "b_prob": 0.3596512263702631, "ews": 0.207816261129387, "lambda": 0.3518671948413495, "p_hi": 0.6601138915896789, "p_lo": 0.030150275933983096, "peer_it": 2.348548911003278, "ps": 0.8717762650218732, "t_r": 4.183307994530864}, "datetime": {"datetime": "2023-09-23 02:12:35", "elapsed": 0.0, "delta": 0.0}}
{"target": -98998.07151368096, "params": {"A": 30.30155692474355, "D": 2.9653929552925975, "S": 0.9199854260747815, "T": 2.0158166740085695, "b_prob": 0.3790217017556602, "ews": 0.22251788516592222, "lambda": 0.3685687159501032, "p_hi": 0.6804106388484655, "p_lo": 0.05026781584147678, "peer_it": 2.335840248180724, "ps": 0.8927542079754411, "t_r": 4.064083352508679}, "datetime": {"datetime": "2023-09-23 02:35:33", "elapsed": 0.0, "delta": 0.0}}
{"target": -95228.5338485703, "params": {"A": 35.608401235646866, "D": 3.2242952855901614, "S": 0.9170703710418889, "T": 2.1336595957769964, "b_prob": 0.3682219445929054, "ews": 0.31275443371147754, "lambda": 0.4392991680767554, "p_hi": 0.7094924500738732, "p_lo": 0.04331943878883754, "peer_it": 2.6788236873680287, "ps": 0.8934760700564447, "t_r": 5.382100468110921}, "datetime": {"datetime": "2023-09-23 03:00:26", "elapsed": 0.0, "delta": 0.0}}
{"target": -94844.82262065873, "params": {"A": 35.04989419944264, "D": 3.1954584878589998, "S": 0.9157236240761469, "T": 2.119590543191745, "b_prob": 0.36770588054879516, "ews": 0.3015938160559198, "lambda": 0.43019359081120295, "p_hi": 0.7047747132854234, "p_lo": 0.04239896712163344, "peer_it": 2.6411286295791117, "ps": 0.8917461602373272, "t_r": 5.242148918930544}, "datetime": {"datetime": "2023-09-23 03:22:56", "elapsed": 0.0, "delta": 0.0}}
{"target": -94651.07949033499, "params": {"A": 34.585547021577504, "D": 3.171483345600924, "S": 0.9146039279715269, "T": 2.1078934213298655, "b_prob": 0.36727682081105417, "ews": 0.29231479005329114, "lambda": 0.42262314168163073, "p_hi": 0.7008523495162656, "p_lo": 0.04163367967982089, "peer_it": 2.6097886596788102, "ps": 0.8903078994986127, "t_r": 5.125792091375736}, "datetime": {"datetime": "2023-09-23 03:50:43", "elapsed": 0.0, "delta": 0.0}}
{"target": -94832.44701227557, "params": {"A": 34.186127456609135, "D": 3.1508605414852577, "S": 0.9136407940227856, "T": 2.097831856302306, "b_prob": 0.36690775459947117, "ews": 0.28433320923193317, "lambda": 0.4161112349831753, "p_hi": 0.6974784325312899, "p_lo": 0.04097539899748777, "peer_it": 2.5828308192085587, "ps": 0.8890707444001159, "t_r": 5.025704924578012}, "datetime": {"datetime": "2023-09-23 04:18:33", "elapsed": 0.0, "delta": 0.0}}
{"target": -92646.35289726534, "params": {"A": 33.84705700021741, "D": 3.133353678484869, "S": 0.9128231819271139, "T": 2.089290513451012, "b_prob": 0.3665944513470125, "ews": 0.2775575815732339, "lambda": 0.41058322541659215, "p_hi": 0.694614287476167, "p_lo": 0.040416579272644734, "peer_it": 2.5599460932880658, "ps": 0.8880205135635071, "t_r": 4.940740129907158}, "datetime": {"datetime": "2023-09-23 04:48:25", "elapsed": 0.0, "delta": 0.0}}
{"target": -90244.39606003698, "params": {"A": 33.813224257289534, "D": 3.1264876096448706, "S": 0.9074140566692603, "T": 2.0830697453045888, "b_prob": 0.36123715454985683, "ews": 0.2715229314712104, "lambda": 0.40467981813864345, "p_hi": 0.688989688634099, "p_lo": 0.03504048664290729, "peer_it": 2.552515138143105, "ps": 0.8825861602717056, "t_r": 4.928266919993277}, "datetime": {"datetime": "2023-09-23 05:11:40", "elapsed": 0.0, "delta": 0.0}}
{"target": -92977.46904229112, "params": {"A": 33.50613607762586, "D": 3.1157512629146122, "S": 0.9120010982014456, "T": 2.080702546763984, "b_prob": 0.36627942872633407, "ews": 0.27074496645690577, "lambda": 0.405025037259244, "p_hi": 0.6917345018518295, "p_lo": 0.03985470028296546, "peer_it": 2.5369364651490702, "ps": 0.8869645415816296, "t_r": 4.855311639360788}, "datetime": {"datetime": "2023-09-23 05:32:02", "elapsed": 0.0, "delta": 0.0}}
{"target": -89649.26095191087, "params": {"A": 33.543823097655036, "D": 3.111525182830974, "S": 0.9056688988393109, "T": 2.0751805060224555, "b_prob": 0.3598943427651289, "ews": 0.2650375844970905, "lambda": 0.399186839171468, "p_hi": 0.6856169250495792, "p_lo": 0.033516531688192415, "peer_it": 2.5332744082395218, "ps": 0.8806567424051974, "t_r": 4.8599392982388325}, "datetime": {"datetime": "2023-09-23 05:56:30", "elapsed": 0.0, "delta": 0.0}}
{"target": -93267.2483718834, "params": {"A": 33.53830263218168, "D": 3.124070032337206, "S": 0.9204558336258689, "T": 2.089309946321408, "b_prob": 0.36633536520817156, "ews": 0.27931941309728014, "lambda": 0.4135745485407193, "p_hi": 0.7002312802368863, "p_lo": 0.0476258391861406, "peer_it": 2.545360873233969, "ps": 0.895425292648535, "t_r": 4.868276926930463}, "datetime": {"datetime": "2023-09-23 06:20:20", "elapsed": 0.0, "delta": 0.0}}
{"target": -92363.43304631265, "params": {"A": 33.14336594691673, "D": 3.0970207493472675, "S": 0.9111263478150616, "T": 2.0715642077988154, "b_prob": 0.3659442363501906, "ews": 0.26349575909933787, "lambda": 0.399110651497999, "p_hi": 0.688670174054746, "p_lo": 0.03925683080925843, "peer_it": 2.5124521975978893, "ps": 0.8858409133367969, "t_r": 4.764408147192817}, "datetime": {"datetime": "2023-09-23 06:44:56", "elapsed": 0.0, "delta": 0.0}}
{"target": -91244.11443671386, "params": {"A": 33.10403336392441, "D": 3.0922721289115467, "S": 0.9082031242409507, "T": 2.067723727623693, "b_prob": 0.3630809008061397, "ews": 0.2598649976350552, "lambda": 0.39562805202020906, "p_hi": 0.6855038359395907, "p_lo": 0.03636657626102279, "peer_it": 2.507064917271948, "ps": 0.8828900370311846, "t_r": 4.752431375446533}, "datetime": {"datetime": "2023-09-23 07:08:51", "elapsed": 0.0, "delta": 0.0}}
{"target": -90238.29114690506, "params": {"A": 33.11185779648322, "D": 3.1077739249473084, "S": 0.9125890914256444, "T": 2.083750761845334, "b_prob": 0.35974946485036596, "ews": 0.27582376281614046, "lambda": 0.41153938989686845, "p_hi": 0.7013130855031824, "p_lo": 0.04010497951281179, "peer_it": 2.522773380221086, "ps": 0.8908357215458247, "t_r": 4.766172924985969}, "datetime": {"datetime": "2023-09-23 07:35:01", "elapsed": 0.0, "delta": 0.0}}
{"target": -78576.3181073718, "params": {"A": 33.525918093850024, "D": 3.114316643106834, "S": 0.9177623903920922, "T": 2.083957854505559, "b_prob": 0.32786129220988314, "ews": 0.2736208764994907, "lambda": 0.4085062015034912, "p_hi": 0.6965090243325739, "p_lo": 0.042199019239451345, "peer_it": 2.534133421927768, "ps": 0.8926194865773568, "t_r": 4.857207223046934}, "datetime": {"datetime": "2023-09-23 08:00:12", "elapsed": 0.0, "delta": 0.0}}
{"target": -92589.33435925434, "params": {"A": 32.8413693596379, "D": 3.081428001650814, "S": 0.9103980473672117, "T": 2.0639566902213833, "b_prob": 0.3656651038802947, "ews": 0.2574608943377651, "lambda": 0.3941869909186214, "p_hi": 0.6861191124338519, "p_lo": 0.03875902657830554, "peer_it": 2.492069599702116, "ps": 0.8849054285588034, "t_r": 4.688733316415449}, "datetime": {"datetime": "2023-09-23 08:23:01", "elapsed": 0.0, "delta": 0.0}}
{"target": -84134.00825668569, "params": {"A": 33.84622126384131, "D": 3.12591683012748, "S": 0.8957108307630801, "T": 2.081956253974323, "b_prob": 0.3476461915530213, "ews": 0.26801183839992404, "lambda": 0.39937655041961, "p_hi": 0.6800669124844283, "p_lo": 0.021903327816909374, "peer_it": 2.552454820560032, "ps": 0.8711989414015575, "t_r": 4.934759786277592}, "datetime": {"datetime": "2023-09-23 08:43:57", "elapsed": 0.0, "delta": 0.0}}
{"target": -90461.95536522145, "params": {"A": 32.80111496409654, "D": 3.0761949654324776, "S": 0.9070179670798258, "T": 2.0596350308205267, "b_prob": 0.3623464372212154, "ews": 0.25335444505735194, "lambda": 0.39023262088164623, "p_hi": 0.6824894675872337, "p_lo": 0.035428728118274674, "peer_it": 2.4861809870690537, "ps": 0.8814969941102867, "t_r": 4.676184697467049}, "datetime": {"datetime": "2023-09-23 09:04:37", "elapsed": 0.0, "delta": 0.0}}
{"target": -96998.37680855219, "params": {"A": 32.806246294935114, "D": 3.08881873661685, "S": 0.9198917800252393, "T": 2.0727222920368846, "b_prob": 0.37520700831215287, "ews": 0.26639339156735387, "lambda": 0.40323760336668557, "p_hi": 0.6954199583497624, "p_lo": 0.048158752390195694, "peer_it": 2.4989531841874735, "ps": 0.8943770573220474, "t_r": 4.687114533356234}, "datetime": {"datetime": "2023-09-23 09:25:14", "elapsed": 0.0, "delta": 0.0}}
{"target": -79940.8841165779, "params": {"A": 33.12449861788629, "D": 3.09887191172958, "S": 0.8943513004571163, "T": 2.0740603809202685, "b_prob": 0.33585590997839265, "ews": 0.2660690035739003, "lambda": 0.4017701274703714, "p_hi": 0.6914688733300635, "p_lo": 0.02141335662593884, "peer_it": 2.5140224948903347, "ps": 0.8752064174369615, "t_r": 4.761870492882916}, "datetime": {"datetime": "2023-09-23 09:49:40", "elapsed": 0.0, "delta": 0.0}}
{"target": -97358.96912301712, "params": {"A": 32.81608835493628, "D": 3.056521141687088, "S": 0.9194881748566468, "T": 2.057576795350412, "b_prob": 0.37569994748580476, "ews": 0.2545731969694712, "lambda": 0.3937558632646857, "p_hi": 0.6911741599106767, "p_lo": 0.051441575496655144, "peer_it": 2.506859383106464, "ps": 0.8935458580574378, "t_r": 4.677390884920013}, "datetime": {"datetime": "2023-09-23 11:09:20", "elapsed": 0.0, "delta": 0.0}}
{"target": -92262.49848569639, "params": {"A": 32.490857811781645, "D": 3.063330493198109, "S": 0.9095529328101452, "T": 2.055127223713689, "b_prob": 0.3653413146944112, "ews": 0.250456722272019, "lambda": 0.38847253441848306, "p_hi": 0.6831584052956432, "p_lo": 0.03818143656696924, "peer_it": 2.46841276699587, "ps": 0.8838198461758607, "t_r": 4.600901658562723}, "datetime": {"datetime": "2023-09-23 11:53:42", "elapsed": 0.0, "delta": 0.0}}
{"target": -92159.40026369132, "params": {"A": 32.447435167826995, "D": 3.0609782303968873, "S": 0.9093334690899133, "T": 2.053917772144783, "b_prob": 0.3651864876885029, "ews": 0.2494735881143311, "lambda": 0.3876493146017696, "p_hi": 0.682676627180643, "p_lo": 0.03802718402622471, "peer_it": 2.4653711968525434, "ps": 0.8835705643766651, "t_r": 4.589934701815359}, "datetime": {"datetime": "2023-09-23 12:37:35", "elapsed": 0.0, "delta": 0.0}}
{"target": -95054.70757475996, "params": {"A": 33.84182273391011, "D": 3.11446130064065, "S": 0.913865632668178, "T": 2.068681785093797, "b_prob": 0.3716509358955839, "ews": 0.26184493963618966, "lambda": 0.3985448435710138, "p_hi": 0.689976879965824, "p_lo": 0.05562875564052517, "peer_it": 2.540873093994196, "ps": 0.8884200471744557, "t_r": 4.924901180355299}, "datetime": {"datetime": "2023-09-23 13:18:07", "elapsed": 0.0, "delta": 0.0}}
