{"target": -51011.1386914462, "params": {"A": 52.03191610298302, "D": 3.8325912904724193, "S": 0.2979956915238149, "T": 1.7770690129941575, "b_prob": 0.378589390869531, "ews": 0.8962930889334381, "lambda": 0.12558531046383625, "p_hi": 0.36579430251054945, "p_lo": 0.005146720330082988, "peer_it": 2.763239374602546, "ps": 0.029876210878566956, "t_r": 6.938831917131244}, "datetime": {"datetime": "2023-09-22 16:24:53", "elapsed": 0.0, "delta": 0.0}}
{"target": -77054.29553434219, "params": {"A": 46.57039643879779, "D": 2.2726349819883893, "S": 0.5143218240267509, "T": 1.556443792773495, "b_prob": 0.33583073593786805, "ews": 0.9944823333639544, "lambda": 0.10597962115616688, "p_hi": 0.5833757443038523, "p_lo": 0.0683905255130107, "peer_it": 2.4255221697394975, "ps": 0.8740585948708233, "t_r": 13.000238282048198}, "datetime": {"datetime": "2023-09-22 18:08:49", "elapsed": 0.0, "delta": 0.0}}
{"target": -77062.5511057513, "params": {"A": 46.58101321150479, "D": 2.2738708464540256, "S": 0.5145419017924538, "T": 1.557097918572161, "b_prob": 0.33585981327541425, "ews": 0.9944848336116601, "lambda": 0.10638473305372044, "p_hi": 0.5835645313234616, "p_lo": 0.06840484887128431, "peer_it": 2.4266887556738976, "ps": 0.8741156633256592, "t_r": 13.000691309044276}, "datetime": {"datetime": "2023-09-22 18:35:49", "elapsed": 0.0, "delta": 0.0}}
{"target": -76027.62524438073, "params": {"A": 46.57233248731079, "D": 2.2728603511873913, "S": 0.5143619568658717, "T": 1.5565630775424895, "b_prob": 0.33583603840950155, "ews": 0.9944827893029659, "lambda": 0.10605349636368062, "p_hi": 0.5834101710396105, "p_lo": 0.06839313748533525, "peer_it": 2.4257349054762334, "ps": 0.8740690017336405, "t_r": 13.000320894935024}, "datetime": {"datetime": "2023-09-22 19:02:40", "elapsed": 0.0, "delta": 0.0}}
{"target": -77570.93581215497, "params": {"A": 46.5881027814493, "D": 2.274696120556889, "S": 0.5146888632803037, "T": 1.5575347246270836, "b_prob": 0.3358792302700155, "ews": 0.9944865032038682, "lambda": 0.10665525491684451, "p_hi": 0.5836905977672929, "p_lo": 0.06841441359053786, "peer_it": 2.4274677676021432, "ps": 0.8741537719687799, "t_r": 13.000993827207196}, "datetime": {"datetime": "2023-09-22 19:30:12", "elapsed": 0.0, "delta": 0.0}}
{"target": -77324.10114915328, "params": {"A": 46.58238470612431, "D": 2.274030497744663, "S": 0.5145703318511795, "T": 1.557182419770229, "b_prob": 0.33586356954043894, "ews": 0.9944851565983501, "lambda": 0.10643706616879514, "p_hi": 0.5835889191848932, "p_lo":0.06840669918958234, "peer_it": 2, "ps": 0.8741230355357377, "t_r": 13.0}, "datetime": {"datetime": "2023-09-22 19:57:45", "elapsed": 0.0, "delta": 0.0}}
{"target": -97105.0986722581, "params": {"A": 54.38588289422742, "D": 3.1824106980649356, "S": 0.6763310187662768, "T": 2.0379753712212194, "b_prob": 0.357235878915317, "ews": 0.9963228787554692, "lambda": 0.40420080716472445, "p_hi": 0.7223504059489432, "p_lo": 0.0789345972072241, "peer_it": 3.2842988263587953, "ps": 0.9160692649785659, "t_r": 13.333731938690693}, "datetime": {"datetime": "2023-09-22 20:32:49", "elapsed": 0.0, "delta": 0.0}}
